<?xml version="1.0" encoding="UTF-8"?>
<testsuite xmlns:xsi="http://www.w3.org/2001/XMLSchema-instance" xsi:noNamespaceSchemaLocation="https://maven.apache.org/surefire/maven-surefire-plugin/xsd/surefire-test-report.xsd" version="3.0.2" name="ee.marcus.veebipood.VeebipoodApplicationTests" time="3.248" tests="1" errors="0" skipped="0" failures="0">
  <properties>
[...]
</properties>
  <testcase name="contextLoads" classname="ee.marcus.veebipood.VeebipoodApplicationTests" time="0.336">
    <system-out><![CDATA[18:21:55.910 [main] INFO org.springframework.test.context.support.AnnotationConfigContextLoaderUtils -- Could not detect default configuration classes for test class [ee.marcus.veebipood.VeebipoodApplicationTests]: VeebipoodApplicationTests does not declare any static, non-private, non-final, nested classes annotated with @Configuration.
18:21:55.969 [main] INFO org.springframework.boot.test.context.SpringBootTestContextBootstrapper -- Found @SpringBootConfiguration ee.marcus.veebipood.VeebipoodApplication for test class ee.marcus.veebipood.VeebipoodApplicationTests

  .   ____          _            __ _ _
 /\\ / ___'_ __ _ _(_)_ __  __ _ \ \ \ \
( ( )\___ | '_ | '_| | '_ \/ _` | \ \ \ \
 \\/  ___)| |_)| | | | | || (_| |  ) ) ) )
  '  |____| .__|_| |_|_| |_\__, | / / / /
 =========|_|==============|___/=/_/_/_/

 :: Spring Boot ::                (v4.0.2)

2026-02-25T18:21:56.188+02:00  INFO 28470 --- [veebipood] [           main] e.m.veebipood.VeebipoodApplicationTests  : Starting VeebipoodApplicationTests using Java 25.0.2 with PID 28470 (started by matu in /Users/matu/Documents/GitHub/oo2026/veebipood)
2026-02-25T18:21:56.189+02:00  INFO 28470 --- [veebipood] [           main] e.m.veebipood.VeebipoodApplicationTests  : No active profile set, falling back to 1 default profile: "default"
2026-02-25T18:21:56.650+02:00  INFO 28470 --- [veebipood] [           main] .s.d.r.c.RepositoryConfigurationDelegate : Bootstrapping Spring Data JPA repositories in DEFAULT mode.
2026-02-25T18:21:56.681+02:00  INFO 28470 --- [veebipood] [           main] .s.d.r.c.RepositoryConfigurationDelegate : Finished Spring Data repository scanning in 26 ms. Found 4 JPA repository interfaces.
2026-02-25T18:21:56.888+02:00  INFO 28470 --- [veebipood] [           main] org.hibernate.orm.jpa                    : HHH008540: Processing PersistenceUnitInfo [name: default]
2026-02-25T18:21:56.927+02:00  INFO 28470 --- [veebipood] [           main] org.hibernate.orm.core                   : HHH000001: Hibernate ORM core version 7.2.1.Final
2026-02-25T18:21:57.194+02:00  INFO 28470 --- [veebipood] [           main] o.s.o.j.p.SpringPersistenceUnitInfo      : No LoadTimeWeaver setup: ignoring JPA class transformer
2026-02-25T18:21:57.218+02:00  INFO 28470 --- [veebipood] [           main] com.zaxxer.hikari.HikariDataSource       : HikariPool-1 - Starting...
2026-02-25T18:21:57.364+02:00  INFO 28470 --- [veebipood] [           main] com.zaxxer.hikari.pool.HikariPool        : HikariPool-1 - Added connection org.postgresql.jdbc.PgConnection@998fbd4
2026-02-25T18:21:57.365+02:00  INFO 28470 --- [veebipood] [           main] com.zaxxer.hikari.HikariDataSource       : HikariPool-1 - Start completed.
2026-02-25T18:21:57.428+02:00  INFO 28470 --- [veebipood] [           main] org.hibernate.orm.connections.pooling    : HHH10001005: Database info:
	Database JDBC URL [jdbc:postgresql://localhost:5432/webshop]
	Database driver: PostgreSQL JDBC Driver
	Database dialect: PostgreSQLDialect
	Database version: 18.1
	Default catalog/schema: webshop/public
	Autocommit mode: undefined/unknown
	Isolation level: READ_COMMITTED [default READ_COMMITTED]
	JDBC fetch size: none
	Pool: DataSourceConnectionProvider
	Minimum pool size: undefined/unknown
	Maximum pool size: undefined/unknown
2026-02-25T18:21:58.028+02:00  INFO 28470 --- [veebipood] [           main] org.hibernate.orm.core                   : HHH000489: No JTA platform available (set 'hibernate.transaction.jta.platform' to enable JTA platform integration)
2026-02-25T18:21:58.102+02:00  WARN 28470 --- [veebipood] [           main] org.hibernate.orm.jdbc.warn              : HHH000247: ErrorCode: 0, SQLState: 00000
2026-02-25T18:21:58.103+02:00  WARN 28470 --- [veebipood] [           main] org.hibernate.orm.jdbc.warn              : constraint "uk83uplx9pk5xbms2n3lps2r1bk" of relation "orders_order_rows" does not exist, skipping
2026-02-25T18:21:58.140+02:00  INFO 28470 --- [veebipood] [           main] j.LocalContainerEntityManagerFactoryBean : Initialized JPA EntityManagerFactory for persistence unit 'default'
2026-02-25T18:21:58.195+02:00  INFO 28470 --- [veebipood] [           main] o.s.d.j.r.query.QueryEnhancerFactories   : Hibernate is in classpath; If applicable, HQL parser will be used.
2026-02-25T18:21:58.423+02:00  WARN 28470 --- [veebipood] [           main] JpaBaseConfiguration$JpaWebConfiguration : spring.jpa.open-in-view is enabled by default. Therefore, database queries may be performed during view rendering. Explicitly configure spring.jpa.open-in-view to disable this warning
2026-02-25T18:21:58.445+02:00  INFO 28470 --- [veebipood] [           main] o.s.v.b.OptionalValidatorFactoryBean     : Failed to set up a Bean Validation provider: jakarta.validation.NoProviderFoundException: Unable to create a Configuration, because no Jakarta Validation provider could be found. Add a provider like Hibernate Validator (RI) to your classpath.
2026-02-25T18:21:58.706+02:00  INFO 28470 --- [veebipood] [           main] e.m.veebipood.VeebipoodApplicationTests  : Started VeebipoodApplicationTests in 2.647 seconds (process running for 3.296)
]]></system-out>
    <system-err><![CDATA[Mockito is currently self-attaching to enable the inline-mock-maker. This will no longer work in future releases of the JDK. Please add Mockito as an agent to your build as described in Mockito's documentation: https://javadoc.io/doc/org.mockito/mockito-core/latest/org.mockito/org/mockito/Mockito.html#0.3
WARNING: A Java agent has been loaded dynamically (/Users/matu/.m2/repository/net/bytebuddy/byte-buddy-agent/1.17.8/byte-buddy-agent-1.17.8.jar)
WARNING: If a serviceability tool is in use, please run with -XX:+EnableDynamicAgentLoading to hide this warning
WARNING: If a serviceability tool is not in use, please run with -Djdk.instrument.traceUsage for more information
WARNING: Dynamic loading of agents will be disallowed by default in a future release
]]></system-err>
  </testcase>
</testsuite>